# JRE version: Java(TM) SE Runtime Environment (8.0_102-b14) (build 1.8.0_102-b14)
# Java VM: Java HotSpot(TM) 64-Bit Server VM (25.102-b14 mixed mode bsd-amd64 compressed oops)
Heap:
 PSYoungGen      total 32256K, used 23690K [0x000000076ab00000, 0x000000076cb80000, 0x00000007c0000000)
  eden space 31232K, 75% used [0x000000076ab00000,0x000000076c1fa870,0x000000076c980000)
  from space 1024K, 15% used [0x000000076ca80000,0x000000076caa8000,0x000000076cb80000)
  to   space 1024K, 0% used [0x000000076c980000,0x000000076c980000,0x000000076ca80000)
 ParOldGen       total 175104K, used 18617K [0x00000006c0000000, 0x00000006cab00000, 0x000000076ab00000)
  object space 175104K, 10% used [0x00000006c0000000,0x00000006c122e620,0x00000006cab00000)
 Metaspace       used 20792K, capacity 20985K, committed 21120K, reserved 1069056K
  class space    used 2048K, capacity 2147K, committed 2176K, reserved 1048576K
GC Heap History (10 events):
Event: 645.739 GC heap before
{Heap before GC invocations=56 (full 0):
 PSYoungGen      total 32768K, used 31424K [0x000000076ab00000, 0x000000076cc80000, 0x00000007c0000000)
  eden space 31232K, 100% used [0x000000076ab00000,0x000000076c980000,0x000000076c980000)
  from space 1536K, 12% used [0x000000076c980000,0x000000076c9b0000,0x000000076cb00000)
  to   space 1536K, 0% used [0x000000076cb00000,0x000000076cb00000,0x000000076cc80000)
 ParOldGen       total 175104K, used 18617K [0x00000006c0000000, 0x00000006cab00000, 0x000000076ab00000)
  object space 175104K, 10% used [0x00000006c0000000,0x00000006c122e620,0x00000006cab00000)
 Metaspace       used 20748K, capacity 20949K, committed 21120K, reserved 1069056K
  class space    used 2040K, capacity 2115K, committed 2176K, reserved 1048576K
Event: 645.740 GC heap after
Heap after GC invocations=56 (full 0):
 PSYoungGen      total 32768K, used 160K [0x000000076ab00000, 0x000000076cc80000, 0x00000007c0000000)
  eden space 31232K, 0% used [0x000000076ab00000,0x000000076ab00000,0x000000076c980000)
  from space 1536K, 10% used [0x000000076cb00000,0x000000076cb28000,0x000000076cc80000)
  to   space 1536K, 0% used [0x000000076c980000,0x000000076c980000,0x000000076cb00000)
 ParOldGen       total 175104K, used 18617K [0x00000006c0000000, 0x00000006cab00000, 0x000000076ab00000)
  object space 175104K, 10% used [0x00000006c0000000,0x00000006c122e620,0x00000006cab00000)
 Metaspace       used 20748K, capacity 20949K, committed 21120K, reserved 1069056K
  class space    used 2040K, capacity 2115K, committed 2176K, reserved 1048576K
}
Event: 653.906 GC heap before
{Heap before GC invocations=57 (full 0):
 PSYoungGen      total 32768K, used 31392K [0x000000076ab00000, 0x000000076cc80000, 0x00000007c0000000)
  eden space 31232K, 100% used [0x000000076ab00000,0x000000076c980000,0x000000076c980000)
  from space 1536K, 10% used [0x000000076cb00000,0x000000076cb28000,0x000000076cc80000)
  to   space 1536K, 0% used [0x000000076c980000,0x000000076c980000,0x000000076cb00000)
 ParOldGen       total 175104K, used 18617K [0x00000006c0000000, 0x00000006cab00000, 0x000000076ab00000)
  object space 175104K, 10% used [0x00000006c0000000,0x00000006c122e620,0x00000006cab00000)
 Metaspace       used 20748K, capacity 20949K, committed 21120K, reserved 1069056K
  class space    used 2040K, capacity 2115K, committed 2176K, reserved 1048576K
Event: 653.907 GC heap after
Heap after GC invocations=57 (full 0):
 PSYoungGen      total 31744K, used 192K [0x000000076ab00000, 0x000000076cb80000, 0x00000007c0000000)
  eden space 31232K, 0% used [0x000000076ab00000,0x000000076ab00000,0x000000076c980000)
  from space 512K, 37% used [0x000000076c980000,0x000000076c9b0000,0x000000076ca00000)
  to   space 1024K, 0% used [0x000000076ca80000,0x000000076ca80000,0x000000076cb80000)
 ParOldGen       total 175104K, used 18617K [0x00000006c0000000, 0x00000006cab00000, 0x000000076ab00000)
  object space 175104K, 10% used [0x00000006c0000000,0x00000006c122e620,0x00000006cab00000)
 Metaspace       used 20748K, capacity 20949K, committed 21120K, reserved 1069056K
  class space    used 2040K, capacity 2115K, committed 2176K, reserved 1048576K
}
Event: 662.024 GC heap before
{Heap before GC invocations=58 (full 0):
 PSYoungGen      total 31744K, used 31424K [0x000000076ab00000, 0x000000076cb80000, 0x00000007c0000000)
  eden space 31232K, 100% used [0x000000076ab00000,0x000000076c980000,0x000000076c980000)
  from space 512K, 37% used [0x000000076c980000,0x000000076c9b0000,0x000000076ca00000)
  to   space 1024K, 0% used [0x000000076ca80000,0x000000076ca80000,0x000000076cb80000)
 ParOldGen       total 175104K, used 18617K [0x00000006c0000000, 0x00000006cab00000, 0x000000076ab00000)
  object space 175104K, 10% used [0x00000006c0000000,0x00000006c122e620,0x00000006cab00000)
 Metaspace       used 20748K, capacity 20949K, committed 21120K, reserved 1069056K
  class space    used 2040K, capacity 2115K, committed 2176K, reserved 1048576K
Event: 662.025 GC heap after
Heap after GC invocations=58 (full 0):
 PSYoungGen      total 32256K, used 128K [0x000000076ab00000, 0x000000076cb80000, 0x00000007c0000000)
  eden space 31232K, 0% used [0x000000076ab00000,0x000000076ab00000,0x000000076c980000)
  from space 1024K, 12% used [0x000000076ca80000,0x000000076caa0000,0x000000076cb80000)
  to   space 1024K, 0% used [0x000000076c980000,0x000000076c980000,0x000000076ca80000)
 ParOldGen       total 175104K, used 18617K [0x00000006c0000000, 0x00000006cab00000, 0x000000076ab00000)
  object space 175104K, 10% used [0x00000006c0000000,0x00000006c122e620,0x00000006cab00000)
 Metaspace       used 20748K, capacity 20949K, committed 21120K, reserved 1069056K
  class space    used 2040K, capacity 2115K, committed 2176K, reserved 1048576K
}
Event: 670.393 GC heap before
{Heap before GC invocations=59 (full 0):
 PSYoungGen      total 32256K, used 31360K [0x000000076ab00000, 0x000000076cb80000, 0x00000007c0000000)
  eden space 31232K, 100% used [0x000000076ab00000,0x000000076c980000,0x000000076c980000)
  from space 1024K, 12% used [0x000000076ca80000,0x000000076caa0000,0x000000076cb80000)
  to   space 1024K, 0% used [0x000000076c980000,0x000000076c980000,0x000000076ca80000)
 ParOldGen       total 175104K, used 18617K [0x00000006c0000000, 0x00000006cab00000, 0x000000076ab00000)
  object space 175104K, 10% used [0x00000006c0000000,0x00000006c122e620,0x00000006cab00000)
 Metaspace       used 20748K, capacity 20949K, committed 21120K, reserved 1069056K
  class space    used 2040K, capacity 2115K, committed 2176K, reserved 1048576K
Event: 670.394 GC heap after
Heap after GC invocations=59 (full 0):
 PSYoungGen      total 32256K, used 192K [0x000000076ab00000, 0x000000076cb80000, 0x00000007c0000000)
  eden space 31232K, 0% used [0x000000076ab00000,0x000000076ab00000,0x000000076c980000)
  from space 1024K, 18% used [0x000000076c980000,0x000000076c9b0000,0x000000076ca80000)
  to   space 1024K, 0% used [0x000000076ca80000,0x000000076ca80000,0x000000076cb80000)
 ParOldGen       total 175104K, used 18617K [0x00000006c0000000, 0x00000006cab00000, 0x000000076ab00000)
  object space 175104K, 10% used [0x00000006c0000000,0x00000006c122e620,0x00000006cab00000)
 Metaspace       used 20748K, capacity 20949K, committed 21120K, reserved 1069056K
  class space    used 2040K, capacity 2115K, committed 2176K, reserved 1048576K
}
Event: 678.578 GC heap before
{Heap before GC invocations=60 (full 0):
 PSYoungGen      total 32256K, used 31424K [0x000000076ab00000, 0x000000076cb80000, 0x00000007c0000000)
  eden space 31232K, 100% used [0x000000076ab00000,0x000000076c980000,0x000000076c980000)
  from space 1024K, 18% used [0x000000076c980000,0x000000076c9b0000,0x000000076ca80000)
  to   space 1024K, 0% used [0x000000076ca80000,0x000000076ca80000,0x000000076cb80000)
 ParOldGen       total 175104K, used 18617K [0x00000006c0000000, 0x00000006cab00000, 0x000000076ab00000)
  object space 175104K, 10% used [0x00000006c0000000,0x00000006c122e620,0x00000006cab00000)
 Metaspace       used 20748K, capacity 20949K, committed 21120K, reserved 1069056K
  class space    used 2040K, capacity 2115K, committed 2176K, reserved 1048576K
Event: 678.579 GC heap after
Heap after GC invocations=60 (full 0):
 PSYoungGen      total 32256K, used 160K [0x000000076ab00000, 0x000000076cb80000, 0x00000007c0000000)
  eden space 31232K, 0% used [0x000000076ab00000,0x000000076ab00000,0x000000076c980000)
  from space 1024K, 15% used [0x000000076ca80000,0x000000076caa8000,0x000000076cb80000)
  to   space 1024K, 0% used [0x000000076c980000,0x000000076c980000,0x000000076ca80000)
 ParOldGen       total 175104K, used 18617K [0x00000006c0000000, 0x00000006cab00000, 0x000000076ab00000)
  object space 175104K, 10% used [0x00000006c0000000,0x00000006c122e620,0x00000006cab00000)
 Metaspace       used 20748K, capacity 20949K, committed 21120K, reserved 1069056K
  class space    used 2040K, capacity 2115K, committed 2176K, reserved 1048576K
}

